<?xml version="1.0" encoding="UTF-8"?>
<testsuite xmlns:xsi="http://www.w3.org/2001/XMLSchema-instance" xsi:noNamespaceSchemaLocation="https://maven.apache.org/surefire/maven-surefire-plugin/xsd/surefire-test-report-3.0.xsd" version="3.0" name="Library app login feature" time="0.824" tests="3" errors="0" skipped="0" failures="0">
  <properties>
    <property name="gopherProxySet" value="false"/>
    <property name="awt.toolkit" value="sun.lwawt.macosx.LWCToolkit"/>
    <property name="java.specification.version" value="11"/>
    <property name="sun.cpu.isalist" value=""/>
    <property name="sun.jnu.encoding" value="UTF-8"/>
    <property name="java.class.path" value="/Users/EOT/IdeaProjects/cydeo-cucumber-junit/target/test-classes:/Users/EOT/IdeaProjects/cydeo-cucumber-junit/target/classes:/Users/EOT/.m2/repository/org/seleniumhq/selenium/selenium-java/3.141.59/selenium-java-3.141.59.jar:/Users/EOT/.m2/repository/org/seleniumhq/selenium/selenium-api/3.141.59/selenium-api-3.141.59.jar:/Users/EOT/.m2/repository/org/seleniumhq/selenium/selenium-chrome-driver/3.141.59/selenium-chrome-driver-3.141.59.jar:/Users/EOT/.m2/repository/org/seleniumhq/selenium/selenium-edge-driver/3.141.59/selenium-edge-driver-3.141.59.jar:/Users/EOT/.m2/repository/org/seleniumhq/selenium/selenium-firefox-driver/3.141.59/selenium-firefox-driver-3.141.59.jar:/Users/EOT/.m2/repository/org/seleniumhq/selenium/selenium-ie-driver/3.141.59/selenium-ie-driver-3.141.59.jar:/Users/EOT/.m2/repository/org/seleniumhq/selenium/selenium-opera-driver/3.141.59/selenium-opera-driver-3.141.59.jar:/Users/EOT/.m2/repository/org/seleniumhq/selenium/selenium-remote-driver/3.141.59/selenium-remote-driver-3.141.59.jar:/Users/EOT/.m2/repository/org/seleniumhq/selenium/selenium-safari-driver/3.141.59/selenium-safari-driver-3.141.59.jar:/Users/EOT/.m2/repository/org/seleniumhq/selenium/selenium-support/3.141.59/selenium-support-3.141.59.jar:/Users/EOT/.m2/repository/net/bytebuddy/byte-buddy/1.8.15/byte-buddy-1.8.15.jar:/Users/EOT/.m2/repository/org/apache/commons/commons-exec/1.3/commons-exec-1.3.jar:/Users/EOT/.m2/repository/com/google/guava/guava/25.0-jre/guava-25.0-jre.jar:/Users/EOT/.m2/repository/com/google/code/findbugs/jsr305/1.3.9/jsr305-1.3.9.jar:/Users/EOT/.m2/repository/org/checkerframework/checker-compat-qual/2.0.0/checker-compat-qual-2.0.0.jar:/Users/EOT/.m2/repository/com/google/errorprone/error_prone_annotations/2.1.3/error_prone_annotations-2.1.3.jar:/Users/EOT/.m2/repository/com/google/j2objc/j2objc-annotations/1.1/j2objc-annotations-1.1.jar:/Users/EOT/.m2/repository/org/codehaus/mojo/animal-sniffer-annotations/1.14/animal-sniffer-annotations-1.14.jar:/Users/EOT/.m2/repository/com/squareup/okhttp3/okhttp/3.11.0/okhttp-3.11.0.jar:/Users/EOT/.m2/repository/com/squareup/okio/okio/1.14.0/okio-1.14.0.jar:/Users/EOT/.m2/repository/io/github/bonigarcia/webdrivermanager/5.3.2/webdrivermanager-5.3.2.jar:/Users/EOT/.m2/repository/org/slf4j/slf4j-api/2.0.6/slf4j-api-2.0.6.jar:/Users/EOT/.m2/repository/com/google/code/gson/gson/2.10.1/gson-2.10.1.jar:/Users/EOT/.m2/repository/com/github/docker-java/docker-java/3.2.14/docker-java-3.2.14.jar:/Users/EOT/.m2/repository/com/github/docker-java/docker-java-core/3.2.14/docker-java-core-3.2.14.jar:/Users/EOT/.m2/repository/com/github/docker-java/docker-java-api/3.2.14/docker-java-api-3.2.14.jar:/Users/EOT/.m2/repository/com/fasterxml/jackson/core/jackson-annotations/2.10.3/jackson-annotations-2.10.3.jar:/Users/EOT/.m2/repository/commons-io/commons-io/2.6/commons-io-2.6.jar:/Users/EOT/.m2/repository/org/apache/commons/commons-compress/1.21/commons-compress-1.21.jar:/Users/EOT/.m2/repository/com/fasterxml/jackson/core/jackson-databind/2.10.3/jackson-databind-2.10.3.jar:/Users/EOT/.m2/repository/com/fasterxml/jackson/core/jackson-core/2.10.3/jackson-core-2.10.3.jar:/Users/EOT/.m2/repository/org/bouncycastle/bcpkix-jdk15on/1.64/bcpkix-jdk15on-1.64.jar:/Users/EOT/.m2/repository/org/bouncycastle/bcprov-jdk15on/1.64/bcprov-jdk15on-1.64.jar:/Users/EOT/.m2/repository/org/slf4j/jcl-over-slf4j/1.7.30/jcl-over-slf4j-1.7.30.jar:/Users/EOT/.m2/repository/com/github/docker-java/docker-java-transport-httpclient5/3.2.14/docker-java-transport-httpclient5-3.2.14.jar:/Users/EOT/.m2/repository/com/github/docker-java/docker-java-transport/3.2.14/docker-java-transport-3.2.14.jar:/Users/EOT/.m2/repository/net/java/dev/jna/jna/5.12.1/jna-5.12.1.jar:/Users/EOT/.m2/repository/org/brotli/dec/0.1.2/dec-0.1.2.jar:/Users/EOT/.m2/repository/org/apache/commons/commons-lang3/3.12.0/commons-lang3-3.12.0.jar:/Users/EOT/.m2/repository/org/apache/httpcomponents/client5/httpclient5/5.2.1/httpclient5-5.2.1.jar:/Users/EOT/.m2/repository/org/apache/httpcomponents/core5/httpcore5/5.2/httpcore5-5.2.jar:/Users/EOT/.m2/repository/org/apache/httpcomponents/core5/httpcore5-h2/5.2/httpcore5-h2-5.2.jar:/Users/EOT/.m2/repository/com/github/javafaker/javafaker/1.0.2/javafaker-1.0.2.jar:/Users/EOT/.m2/repository/org/yaml/snakeyaml/1.23/snakeyaml-1.23-android.jar:/Users/EOT/.m2/repository/com/github/mifmif/generex/1.0.2/generex-1.0.2.jar:/Users/EOT/.m2/repository/dk/brics/automaton/automaton/1.11-8/automaton-1.11-8.jar:/Users/EOT/.m2/repository/io/cucumber/cucumber-java/7.11.1/cucumber-java-7.11.1.jar:/Users/EOT/.m2/repository/io/cucumber/cucumber-core/7.11.1/cucumber-core-7.11.1.jar:/Users/EOT/.m2/repository/io/cucumber/cucumber-gherkin/7.11.1/cucumber-gherkin-7.11.1.jar:/Users/EOT/.m2/repository/io/cucumber/cucumber-gherkin-messages/7.11.1/cucumber-gherkin-messages-7.11.1.jar:/Users/EOT/.m2/repository/io/cucumber/gherkin/26.0.3/gherkin-26.0.3.jar:/Users/EOT/.m2/repository/io/cucumber/messages/21.0.1/messages-21.0.1.jar:/Users/EOT/.m2/repository/io/cucumber/tag-expressions/5.0.1/tag-expressions-5.0.1.jar:/Users/EOT/.m2/repository/io/cucumber/cucumber-expressions/16.1.2/cucumber-expressions-16.1.2.jar:/Users/EOT/.m2/repository/io/cucumber/datatable/7.11.1/datatable-7.11.1.jar:/Users/EOT/.m2/repository/io/cucumber/cucumber-plugin/7.11.1/cucumber-plugin-7.11.1.jar:/Users/EOT/.m2/repository/io/cucumber/docstring/7.11.1/docstring-7.11.1.jar:/Users/EOT/.m2/repository/io/cucumber/html-formatter/20.2.1/html-formatter-20.2.1.jar:/Users/EOT/.m2/repository/io/cucumber/junit-xml-formatter/0.1.0/junit-xml-formatter-0.1.0.jar:/Users/EOT/.m2/repository/io/cucumber/ci-environment/9.1.0/ci-environment-9.1.0.jar:/Users/EOT/.m2/repository/org/apiguardian/apiguardian-api/1.1.2/apiguardian-api-1.1.2.jar:/Users/EOT/.m2/repository/io/cucumber/cucumber-junit/7.11.1/cucumber-junit-7.11.1.jar:/Users/EOT/.m2/repository/junit/junit/4.13.2/junit-4.13.2.jar:/Users/EOT/.m2/repository/org/hamcrest/hamcrest-core/1.3/hamcrest-core-1.3.jar:"/>
    <property name="java.vm.vendor" value="Oracle Corporation"/>
    <property name="sun.arch.data.model" value="64"/>
    <property name="java.vendor.url" value="https://openjdk.java.net/"/>
    <property name="user.timezone" value="Europe/Istanbul"/>
    <property name="java.vm.specification.version" value="11"/>
    <property name="os.name" value="Mac OS X"/>
    <property name="sun.java.launcher" value="SUN_STANDARD"/>
    <property name="user.country" value="TR"/>
    <property name="sun.boot.library.path" value="/Library/Java/JavaVirtualMachines/jdk-11.0.12.jdk/Contents/Home/lib"/>
    <property name="sun.java.command" value="/Users/EOT/IdeaProjects/cydeo-cucumber-junit/target/surefire/surefirebooter8419154431455066952.jar /Users/EOT/IdeaProjects/cydeo-cucumber-junit/target/surefire 2023-03-03T23-30-24_192-jvmRun1 surefire7541108104363116595tmp surefire_06382970379908866541tmp"/>
    <property name="jdk.debug" value="release"/>
    <property name="surefire.test.class.path" value="/Users/EOT/IdeaProjects/cydeo-cucumber-junit/target/test-classes:/Users/EOT/IdeaProjects/cydeo-cucumber-junit/target/classes:/Users/EOT/.m2/repository/org/seleniumhq/selenium/selenium-java/3.141.59/selenium-java-3.141.59.jar:/Users/EOT/.m2/repository/org/seleniumhq/selenium/selenium-api/3.141.59/selenium-api-3.141.59.jar:/Users/EOT/.m2/repository/org/seleniumhq/selenium/selenium-chrome-driver/3.141.59/selenium-chrome-driver-3.141.59.jar:/Users/EOT/.m2/repository/org/seleniumhq/selenium/selenium-edge-driver/3.141.59/selenium-edge-driver-3.141.59.jar:/Users/EOT/.m2/repository/org/seleniumhq/selenium/selenium-firefox-driver/3.141.59/selenium-firefox-driver-3.141.59.jar:/Users/EOT/.m2/repository/org/seleniumhq/selenium/selenium-ie-driver/3.141.59/selenium-ie-driver-3.141.59.jar:/Users/EOT/.m2/repository/org/seleniumhq/selenium/selenium-opera-driver/3.141.59/selenium-opera-driver-3.141.59.jar:/Users/EOT/.m2/repository/org/seleniumhq/selenium/selenium-remote-driver/3.141.59/selenium-remote-driver-3.141.59.jar:/Users/EOT/.m2/repository/org/seleniumhq/selenium/selenium-safari-driver/3.141.59/selenium-safari-driver-3.141.59.jar:/Users/EOT/.m2/repository/org/seleniumhq/selenium/selenium-support/3.141.59/selenium-support-3.141.59.jar:/Users/EOT/.m2/repository/net/bytebuddy/byte-buddy/1.8.15/byte-buddy-1.8.15.jar:/Users/EOT/.m2/repository/org/apache/commons/commons-exec/1.3/commons-exec-1.3.jar:/Users/EOT/.m2/repository/com/google/guava/guava/25.0-jre/guava-25.0-jre.jar:/Users/EOT/.m2/repository/com/google/code/findbugs/jsr305/1.3.9/jsr305-1.3.9.jar:/Users/EOT/.m2/repository/org/checkerframework/checker-compat-qual/2.0.0/checker-compat-qual-2.0.0.jar:/Users/EOT/.m2/repository/com/google/errorprone/error_prone_annotations/2.1.3/error_prone_annotations-2.1.3.jar:/Users/EOT/.m2/repository/com/google/j2objc/j2objc-annotations/1.1/j2objc-annotations-1.1.jar:/Users/EOT/.m2/repository/org/codehaus/mojo/animal-sniffer-annotations/1.14/animal-sniffer-annotations-1.14.jar:/Users/EOT/.m2/repository/com/squareup/okhttp3/okhttp/3.11.0/okhttp-3.11.0.jar:/Users/EOT/.m2/repository/com/squareup/okio/okio/1.14.0/okio-1.14.0.jar:/Users/EOT/.m2/repository/io/github/bonigarcia/webdrivermanager/5.3.2/webdrivermanager-5.3.2.jar:/Users/EOT/.m2/repository/org/slf4j/slf4j-api/2.0.6/slf4j-api-2.0.6.jar:/Users/EOT/.m2/repository/com/google/code/gson/gson/2.10.1/gson-2.10.1.jar:/Users/EOT/.m2/repository/com/github/docker-java/docker-java/3.2.14/docker-java-3.2.14.jar:/Users/EOT/.m2/repository/com/github/docker-java/docker-java-core/3.2.14/docker-java-core-3.2.14.jar:/Users/EOT/.m2/repository/com/github/docker-java/docker-java-api/3.2.14/docker-java-api-3.2.14.jar:/Users/EOT/.m2/repository/com/fasterxml/jackson/core/jackson-annotations/2.10.3/jackson-annotations-2.10.3.jar:/Users/EOT/.m2/repository/commons-io/commons-io/2.6/commons-io-2.6.jar:/Users/EOT/.m2/repository/org/apache/commons/commons-compress/1.21/commons-compress-1.21.jar:/Users/EOT/.m2/repository/com/fasterxml/jackson/core/jackson-databind/2.10.3/jackson-databind-2.10.3.jar:/Users/EOT/.m2/repository/com/fasterxml/jackson/core/jackson-core/2.10.3/jackson-core-2.10.3.jar:/Users/EOT/.m2/repository/org/bouncycastle/bcpkix-jdk15on/1.64/bcpkix-jdk15on-1.64.jar:/Users/EOT/.m2/repository/org/bouncycastle/bcprov-jdk15on/1.64/bcprov-jdk15on-1.64.jar:/Users/EOT/.m2/repository/org/slf4j/jcl-over-slf4j/1.7.30/jcl-over-slf4j-1.7.30.jar:/Users/EOT/.m2/repository/com/github/docker-java/docker-java-transport-httpclient5/3.2.14/docker-java-transport-httpclient5-3.2.14.jar:/Users/EOT/.m2/repository/com/github/docker-java/docker-java-transport/3.2.14/docker-java-transport-3.2.14.jar:/Users/EOT/.m2/repository/net/java/dev/jna/jna/5.12.1/jna-5.12.1.jar:/Users/EOT/.m2/repository/org/brotli/dec/0.1.2/dec-0.1.2.jar:/Users/EOT/.m2/repository/org/apache/commons/commons-lang3/3.12.0/commons-lang3-3.12.0.jar:/Users/EOT/.m2/repository/org/apache/httpcomponents/client5/httpclient5/5.2.1/httpclient5-5.2.1.jar:/Users/EOT/.m2/repository/org/apache/httpcomponents/core5/httpcore5/5.2/httpcore5-5.2.jar:/Users/EOT/.m2/repository/org/apache/httpcomponents/core5/httpcore5-h2/5.2/httpcore5-h2-5.2.jar:/Users/EOT/.m2/repository/com/github/javafaker/javafaker/1.0.2/javafaker-1.0.2.jar:/Users/EOT/.m2/repository/org/yaml/snakeyaml/1.23/snakeyaml-1.23-android.jar:/Users/EOT/.m2/repository/com/github/mifmif/generex/1.0.2/generex-1.0.2.jar:/Users/EOT/.m2/repository/dk/brics/automaton/automaton/1.11-8/automaton-1.11-8.jar:/Users/EOT/.m2/repository/io/cucumber/cucumber-java/7.11.1/cucumber-java-7.11.1.jar:/Users/EOT/.m2/repository/io/cucumber/cucumber-core/7.11.1/cucumber-core-7.11.1.jar:/Users/EOT/.m2/repository/io/cucumber/cucumber-gherkin/7.11.1/cucumber-gherkin-7.11.1.jar:/Users/EOT/.m2/repository/io/cucumber/cucumber-gherkin-messages/7.11.1/cucumber-gherkin-messages-7.11.1.jar:/Users/EOT/.m2/repository/io/cucumber/gherkin/26.0.3/gherkin-26.0.3.jar:/Users/EOT/.m2/repository/io/cucumber/messages/21.0.1/messages-21.0.1.jar:/Users/EOT/.m2/repository/io/cucumber/tag-expressions/5.0.1/tag-expressions-5.0.1.jar:/Users/EOT/.m2/repository/io/cucumber/cucumber-expressions/16.1.2/cucumber-expressions-16.1.2.jar:/Users/EOT/.m2/repository/io/cucumber/datatable/7.11.1/datatable-7.11.1.jar:/Users/EOT/.m2/repository/io/cucumber/cucumber-plugin/7.11.1/cucumber-plugin-7.11.1.jar:/Users/EOT/.m2/repository/io/cucumber/docstring/7.11.1/docstring-7.11.1.jar:/Users/EOT/.m2/repository/io/cucumber/html-formatter/20.2.1/html-formatter-20.2.1.jar:/Users/EOT/.m2/repository/io/cucumber/junit-xml-formatter/0.1.0/junit-xml-formatter-0.1.0.jar:/Users/EOT/.m2/repository/io/cucumber/ci-environment/9.1.0/ci-environment-9.1.0.jar:/Users/EOT/.m2/repository/org/apiguardian/apiguardian-api/1.1.2/apiguardian-api-1.1.2.jar:/Users/EOT/.m2/repository/io/cucumber/cucumber-junit/7.11.1/cucumber-junit-7.11.1.jar:/Users/EOT/.m2/repository/junit/junit/4.13.2/junit-4.13.2.jar:/Users/EOT/.m2/repository/org/hamcrest/hamcrest-core/1.3/hamcrest-core-1.3.jar:"/>
    <property name="sun.cpu.endian" value="little"/>
    <property name="user.home" value="/Users/EOT"/>
    <property name="user.language" value="tr"/>
    <property name="java.specification.vendor" value="Oracle Corporation"/>
    <property name="java.version.date" value="2021-07-20"/>
    <property name="java.home" value="/Library/Java/JavaVirtualMachines/jdk-11.0.12.jdk/Contents/Home"/>
    <property name="file.separator" value="/"/>
    <property name="basedir" value="/Users/EOT/IdeaProjects/cydeo-cucumber-junit"/>
    <property name="java.vm.compressedOopsMode" value="Zero based"/>
    <property name="line.separator" value="&#10;"/>
    <property name="java.specification.name" value="Java Platform API Specification"/>
    <property name="java.vm.specification.vendor" value="Oracle Corporation"/>
    <property name="java.awt.graphicsenv" value="sun.awt.CGraphicsEnvironment"/>
    <property name="surefire.real.class.path" value="/Users/EOT/IdeaProjects/cydeo-cucumber-junit/target/surefire/surefirebooter8419154431455066952.jar"/>
    <property name="sun.management.compiler" value="HotSpot 64-Bit Tiered Compilers"/>
    <property name="java.runtime.version" value="11.0.12+8-LTS-237"/>
    <property name="user.name" value="EOT"/>
    <property name="path.separator" value=":"/>
    <property name="os.version" value="10.15.7"/>
    <property name="java.runtime.name" value="Java(TM) SE Runtime Environment"/>
    <property name="file.encoding" value="UTF-8"/>
    <property name="java.vm.name" value="Java HotSpot(TM) 64-Bit Server VM"/>
    <property name="java.vendor.version" value="18.9"/>
    <property name="localRepository" value="/Users/EOT/.m2/repository"/>
    <property name="java.vendor.url.bug" value="https://bugreport.java.com/bugreport/"/>
    <property name="java.io.tmpdir" value="/var/folders/tc/1m6501hn0qg8d93ctq10zxjm0000gn/T/"/>
    <property name="idea.version" value="2022.3.2"/>
    <property name="java.version" value="11.0.12"/>
    <property name="user.dir" value="/Users/EOT/IdeaProjects/cydeo-cucumber-junit"/>
    <property name="os.arch" value="x86_64"/>
    <property name="java.vm.specification.name" value="Java Virtual Machine Specification"/>
    <property name="java.awt.printerjob" value="sun.lwawt.macosx.CPrinterJob"/>
    <property name="sun.os.patch.level" value="unknown"/>
    <property name="java.library.path" value="/Users/EOT/Library/Java/Extensions:/Library/Java/Extensions:/Network/Library/Java/Extensions:/System/Library/Java/Extensions:/usr/lib/java:."/>
    <property name="java.vendor" value="Oracle Corporation"/>
    <property name="java.vm.info" value="mixed mode"/>
    <property name="java.vm.version" value="11.0.12+8-LTS-237"/>
    <property name="sun.io.unicode.encoding" value="UnicodeBig"/>
    <property name="java.class.version" value="55.0"/>
  </properties>
  <testcase name="Login as librarian" classname="Library app login feature" time="0.477">
    <system-out><![CDATA[&amp#27;[32m&amp#27;[1m┌──────────────────────────────────────────────────────────────────────────┐&amp#27;[0m
&amp#27;[32m&amp#27;[1m│&amp#27;[0m View your Cucumber Report at:                                            &amp#27;[32m&amp#27;[1m│&amp#27;[0m
&amp#27;[32m&amp#27;[1m│&amp#27;[0m &amp#27;[1m&amp#27;[36m&amp#27;[4mhttps://reports.cucumber.io/reports/fdc1f96e-97be-4357-bc6e-cd8633a7c108&amp#27;[0m &amp#27;[32m&amp#27;[1m│&amp#27;[0m
&amp#27;[32m&amp#27;[1m│&amp#27;[0m                                                                          &amp#27;[32m&amp#27;[1m│&amp#27;[0m
&amp#27;[32m&amp#27;[1m│&amp#27;[0m &amp#27;[1mThis report will self-destruct in 24h.&amp#27;[0m                                   &amp#27;[32m&amp#27;[1m│&amp#27;[0m
&amp#27;[32m&amp#27;[1m│&amp#27;[0m Keep reports forever: &amp#27;[4m&amp#27;[1m&amp#27;[36mhttps://reports.cucumber.io/profile&amp#27;[0m                &amp#27;[32m&amp#27;[1m│&amp#27;[0m
&amp#27;[32m&amp#27;[1m└──────────────────────────────────────────────────────────────────────────┘&amp#27;[0m

@Reg @login @librarian @employee @wip
Scenario: Login as librarian              &amp#27;[90m# src/test/resources/features/Login.feature:13&amp#27;[0m
user is on the library login page
  &amp#27;[32mGiven &amp#27;[0m&amp#27;[32muser is on the library login page&amp#27;[0m &amp#27;[90m# com.cydeo.step_definitions.Login.Login_StepDefinitions.user_is_on_the_library_login_page()&amp#27;[0m
user enters librarian username
  &amp#27;[32mWhen &amp#27;[0m&amp#27;[32muser enters librarian username&amp#27;[0m     &amp#27;[90m# com.cydeo.step_definitions.Login.Login_StepDefinitions.user_enters_librarian_username()&amp#27;[0m
user enters librarian password
  &amp#27;[32mAnd &amp#27;[0m&amp#27;[32muser enters librarian password&amp#27;[0m      &amp#27;[90m# com.cydeo.step_definitions.Login.Login_StepDefinitions.user_enters_librarian_password()&amp#27;[0m
user should see the dashboard
  &amp#27;[32mThen &amp#27;[0m&amp#27;[32muser should see the dashboard&amp#27;[0m      &amp#27;[90m# com.cydeo.step_definitions.Login.Login_StepDefinitions.user_should_see_the_dashboard()&amp#27;[0m
]]></system-out>
  </testcase>
  <testcase name="Login as student" classname="Library app login feature" time="0.22">
    <system-out><![CDATA[
@Reg @login @student @human
Scenario: Login as student                &amp#27;[90m# src/test/resources/features/Login.feature:21&amp#27;[0m
user is on the library login page
  &amp#27;[32mGiven &amp#27;[0m&amp#27;[32muser is on the library login page&amp#27;[0m &amp#27;[90m# com.cydeo.step_definitions.Login.Login_StepDefinitions.user_is_on_the_library_login_page()&amp#27;[0m
user enters student username
  &amp#27;[32mWhen &amp#27;[0m&amp#27;[32muser enters student username&amp#27;[0m       &amp#27;[90m# com.cydeo.step_definitions.Login.Login_StepDefinitions.user_enters_student_username()&amp#27;[0m
user enters student password
  &amp#27;[32mAnd &amp#27;[0m&amp#27;[32muser enters student password&amp#27;[0m        &amp#27;[90m# com.cydeo.step_definitions.Login.Login_StepDefinitions.user_enters_student_password()&amp#27;[0m
user should see the dashboard
  &amp#27;[32mThen &amp#27;[0m&amp#27;[32muser should see the dashboard&amp#27;[0m      &amp#27;[90m# com.cydeo.step_definitions.Login.Login_StepDefinitions.user_should_see_the_dashboard()&amp#27;[0m
]]></system-out>
  </testcase>
  <testcase name="Login as admin" classname="Library app login feature" time="0.127">
    <system-out><![CDATA[
@Reg @login @admin
Scenario: Login as admin                  &amp#27;[90m# src/test/resources/features/Login.feature:27&amp#27;[0m
user is on the library login page
  &amp#27;[32mGiven &amp#27;[0m&amp#27;[32muser is on the library login page&amp#27;[0m &amp#27;[90m# com.cydeo.step_definitions.Login.Login_StepDefinitions.user_is_on_the_library_login_page()&amp#27;[0m
user enters admin username
  &amp#27;[32mWhen &amp#27;[0m&amp#27;[32muser enters admin username&amp#27;[0m         &amp#27;[90m# com.cydeo.step_definitions.Login.Login_StepDefinitions.user_enters_admin_username()&amp#27;[0m
user enters admin password
  &amp#27;[32mAnd &amp#27;[0m&amp#27;[32muser enters admin password&amp#27;[0m          &amp#27;[90m# com.cydeo.step_definitions.Login.Login_StepDefinitions.user_enters_admin_password()&amp#27;[0m
user should see the dashboard
  &amp#27;[32mThen &amp#27;[0m&amp#27;[32muser should see the dashboard&amp#27;[0m      &amp#27;[90m# com.cydeo.step_definitions.Login.Login_StepDefinitions.user_should_see_the_dashboard()&amp#27;[0m
]]></system-out>
  </testcase>
</testsuite>